======================================================================
ARUC vs DARUC COMPARISON
  Start:    2020-05-15 00:00:00
  Horizon:  24h
  Rho:      2.0
  MIP gap:  0.0050 (0.50%)
  Network:  copperplate
  Output:   comparison_outputs/m05d15_24h_ramp_fix
======================================================================

======================================================================
RUNNING DARUC (two-step: DAM → robust reliability)
======================================================================
======================================================================
STEP 1: DETERMINISTIC DAY-AHEAD UC
======================================================================
Building DAMData from RTS-GMLC...
  Excluded 81 generators: {'RTPV': 31, 'PV': 25, 'HYDRO': 19, 'SYNC_COND': 3, 'NUCLEAR': 1, 'ROR': 1, 'STORAGE': 1}
  Using SPP ensemble mean for wind Pmax: uncertainty_sets_refactored/data/forecasts_filtered_rts4_constellation_v2.parquet
  Done. Data shapes:
    n_gens   = 77
    n_buses  = 73
    n_lines  = 120
    n_periods= 24

Building Gurobi DAM UC model...
Set parameter WLSAccessID
Set parameter WLSSecret
Set parameter LicenseID to value 2739141
Academic license 2739141 - for non-commercial use only - registered to wa___@bu.edu
  [DAM] Line flow constraints DISABLED (copper-plate mode)
Set parameter OutputFlag to value 1
  Model built. Starting optimization...
Gurobi Optimizer version 13.0.0 build v13.0.0rc1 (mac64[x86] - Darwin 21.6.0 21H1320)

CPU model: Intel(R) Core(TM) i5-6267U CPU @ 2.90GHz
Thread count: 2 physical cores, 4 logical processors, using up to 4 threads

Academic license 2739141 - for non-commercial use only - registered to wa___@bu.edu
Optimize a model with 16126 rows, 9264 columns and 52746 nonzeros (Min)
Model fingerprint: 0x8e75b735
Model has 5328 linear objective coefficients
Variable types: 3720 continuous, 5544 integer (5544 binary)
Coefficient statistics:
  Matrix range     [1e+00, 1e+03]
  Objective range  [1e-03, 2e+04]
  Bounds range     [1e+00, 1e+00]
  RHS range        [1e+00, 6e+03]
Found heuristic solution: objective 1.081076e+09
Presolve removed 4363 rows and 2570 columns
Presolve time: 1.35s
Presolved: 11763 rows, 6694 columns, 44019 nonzeros
Variable types: 1800 continuous, 4894 integer (4894 binary)

Root relaxation: objective 1.781079e+06, 2920 iterations, 0.36 seconds (0.09 work units)

    Nodes    |    Current Node    |     Objective Bounds      |     Work
 Expl Unexpl |  Obj  Depth IntInf | Incumbent    BestBd   Gap | It/Node Time

     0     0 1781078.70    0  119 1.0811e+09 1781078.70   100%     -    2s
H    0     0                    4620490.6696 1781078.70  61.5%     -    2s
H    0     0                    4055637.3318 1781078.70  56.1%     -    2s
H    0     0                    4054146.3363 1781078.70  56.1%     -    2s
H    0     0                    2801689.7268 1781078.70  36.4%     -    2s
H    0     0                    2801383.5328 1781078.70  36.4%     -    2s
H    0     0                    2800387.0766 1781078.70  36.4%     -    2s
     0     0 1788361.06    0   94 2800387.08 1788361.06  36.1%     -    3s
H    0     0                    2214539.0200 1788361.06  19.2%     -    3s
H    0     0                    2067735.0857 1788361.06  13.5%     -    3s
H    0     0                    1791705.0280 1788361.06  0.19%     -    3s
H    0     0                    1791479.2724 1788361.06  0.17%     -    3s
     0     0 1788910.76    0  122 1791479.27 1788910.76  0.14%     -    3s
     0     0 1788925.77    0  122 1791479.27 1788925.77  0.14%     -    3s
     0     0 1788925.79    0  127 1791479.27 1788925.79  0.14%     -    3s
     0     0 1789256.10    0  146 1791479.27 1789256.10  0.12%     -    4s
     0     0 1789256.10    0   72 1791479.27 1789256.10  0.12%     -    5s
H    0     0                    1791021.0141 1789256.10  0.10%     -    5s
     0     0 1789256.10    0  140 1791021.01 1789256.10  0.10%     -    6s
     0     0 1789256.10    0  108 1791021.01 1789256.10  0.10%     -    7s
     0     0 1789291.66    0  106 1791021.01 1789291.66  0.10%     -    7s
     0     0 1789291.68    0  135 1791021.01 1789291.68  0.10%     -    7s
     0     0 1789430.74    0  110 1791021.01 1789430.74  0.09%     -    8s
     0     0 1789440.46    0  116 1791021.01 1789440.46  0.09%     -    8s
     0     0 1789440.48    0  116 1791021.01 1789440.48  0.09%     -    8s
     0     0 1789547.64    0  197 1791021.01 1789547.64  0.08%     -    8s
H    0     0                    1790740.8837 1789548.58  0.07%     -    8s
     0     0 1789599.96    0  181 1790740.88 1789599.96  0.06%     -    9s
     0     0 1789600.52    0  169 1790740.88 1789600.52  0.06%     -    9s
     0     0 1789646.25    0  188 1790740.88 1789646.25  0.06%     -    9s
     0     0 1789646.25    0   62 1790740.88 1789646.25  0.06%     -   10s
     0     0 1789646.25    0  134 1790740.88 1789646.25  0.06%     -   10s
     0     0 1789646.25    0  123 1790740.88 1789646.25  0.06%     -   10s
     0     0 1789646.25    0  104 1790740.88 1789646.25  0.06%     -   10s
     0     0 1789646.25    0  112 1790740.88 1789646.25  0.06%     -   10s
     0     0 1789646.25    0  122 1790740.88 1789646.25  0.06%     -   10s
     0     0 1789647.36    0  148 1790740.88 1789647.36  0.06%     -   11s
     0     0 1789648.34    0  146 1790740.88 1789648.34  0.06%     -   11s
     0     0 1789720.08    0  147 1790740.88 1789720.08  0.06%     -   11s
     0     0 1789741.73    0  141 1790740.88 1789741.73  0.06%     -   11s
     0     0 1789758.11    0  161 1790740.88 1789758.11  0.05%     -   12s
     0     0 1789760.39    0  153 1790740.88 1789760.39  0.05%     -   12s
     0     0 1789760.75    0  162 1790740.88 1789760.75  0.05%     -   12s
     0     0 1789820.74    0  196 1790740.88 1789820.74  0.05%     -   12s
     0     0 1789835.52    0  169 1790740.88 1789835.52  0.05%     -   12s
     0     0 1789855.68    0  168 1790740.88 1789855.68  0.05%     -   12s
     0     0 1789860.57    0  175 1790740.88 1789860.57  0.05%     -   12s
     0     0 1789867.60    0  171 1790740.88 1789867.60  0.05%     -   12s
     0     0 1789869.43    0  175 1790740.88 1789869.43  0.05%     -   12s
     0     0 1789869.59    0  173 1790740.88 1789869.59  0.05%     -   12s
     0     0 1789890.75    0  173 1790740.88 1789890.75  0.05%     -   13s
     0     0 1789890.75    0   61 1790740.88 1789890.75  0.05%     -   13s
     0     0 1789890.75    0  125 1790740.88 1789890.75  0.05%     -   13s
     0     0 1789890.75    0  127 1790740.88 1789890.75  0.05%     -   13s
     0     0 1789890.75    0  140 1790740.88 1789890.75  0.05%     -   13s
     0     0 1789890.75    0  139 1790740.88 1789890.75  0.05%     -   13s
     0     0 1789890.75    0  141 1790740.88 1789890.75  0.05%     -   13s
     0     0 1789890.75    0  177 1790740.88 1789890.75  0.05%     -   13s
     0     0 1789890.75    0  156 1790740.88 1789890.75  0.05%     -   13s
     0     0 1789898.75    0  155 1790740.88 1789898.75  0.05%     -   13s
     0     0 1789898.75    0  155 1790740.88 1789898.75  0.05%     -   13s
     0     0 1789924.52    0  164 1790740.88 1789924.52  0.05%     -   13s
     0     0 1789937.95    0  169 1790740.88 1789937.95  0.04%     -   14s
     0     0 1789938.49    0  178 1790740.88 1789938.49  0.04%     -   14s
     0     0 1789977.50    0  153 1790740.88 1789977.50  0.04%     -   14s
     0     0 1789987.02    0  162 1790740.88 1789987.02  0.04%     -   14s
     0     0 1789989.43    0  163 1790740.88 1789989.43  0.04%     -   14s
     0     0 1789989.54    0  165 1790740.88 1789989.54  0.04%     -   14s
     0     0 1789994.55    0  168 1790740.88 1789994.55  0.04%     -   14s
     0     0 1790002.29    0  163 1790740.88 1790002.29  0.04%     -   14s
     0     0 1790007.31    0  161 1790740.88 1790007.31  0.04%     -   14s
     0     0 1790007.41    0  163 1790740.88 1790007.41  0.04%     -   14s
     0     0 1790010.46    0  182 1790740.88 1790010.46  0.04%     -   14s
     0     0 1790010.84    0  182 1790740.88 1790010.84  0.04%     -   14s
     0     0 1790010.84    0  182 1790740.88 1790010.84  0.04%     -   14s
     0     0 1790010.84    0  177 1790740.88 1790010.84  0.04%     -   14s
H    0     0                    1790613.0925 1790010.84  0.03%     -   14s
H    0     0                    1790569.8667 1790010.84  0.03%     -   14s
     0     0 1790010.84    0   58 1790569.87 1790010.84  0.03%     -   15s
     0     0 1790010.84    0  109 1790569.87 1790010.84  0.03%     -   15s
     0     0 1790010.84    0  128 1790569.87 1790010.84  0.03%     -   15s
     0     0 1790010.84    0  144 1790569.87 1790010.84  0.03%     -   15s
     0     0 1790010.84    0  139 1790569.87 1790010.84  0.03%     -   15s
     0     0 1790010.84    0  142 1790569.87 1790010.84  0.03%     -   15s
     0     0 1790010.84    0  145 1790569.87 1790010.84  0.03%     -   15s
     0     0 1790010.84    0  147 1790569.87 1790010.84  0.03%     -   15s
     0     0 1790012.06    0  157 1790569.87 1790012.06  0.03%     -   15s
     0     0 1790014.88    0  160 1790569.87 1790014.88  0.03%     -   15s
     0     0 1790014.88    0  181 1790569.87 1790014.88  0.03%     -   15s
     0     0 1790016.70    0  179 1790569.87 1790016.70  0.03%     -   15s
     0     0 1790017.25    0  178 1790569.87 1790017.25  0.03%     -   16s
     0     0 1790017.25    0  178 1790569.87 1790017.25  0.03%     -   16s
     0     0 1790017.25    0  178 1790569.87 1790017.25  0.03%     -   16s
     0     0 1790017.25    0  178 1790569.87 1790017.25  0.03%     -   16s
     0     2 1790017.35    0  178 1790569.87 1790017.35  0.03%     -   16s
*   25    14               8    1790568.2340 1790045.97  0.03%  32.7   16s
H   69    22                    1790521.0001 1790210.47  0.02%  20.2   16s
*  112    15               6    1790455.9410 1790283.49  0.01%  17.1   16s

Cutting planes:
  Learned: 2
  Gomory: 5
  Lift-and-project: 2
  Cover: 12
  Implied bound: 1
  Clique: 4
  MIR: 59
  StrongCG: 2
  Flow cover: 28
  Zero half: 2
  Relax-and-lift: 1

Explored 132 nodes (17222 simplex iterations) in 16.69 seconds (3.09 work units)
Thread count was 4 (of 4 available processors)

Solution count 10: 1.79046e+06 1.79052e+06 1.79057e+06 ... 2.06774e+06

Optimal solution found (tolerance 1.00e-04)
Best objective 1.790455940987e+06, best bound 1.790351029242e+06, gap 0.0059%

=== DAM UC Summary ===
Objective value: 1,790,455.94
Number of generators: 77
Number of buses:      73
Number of lines:      120
Number of periods:    24
Total generation (MWh across horizon): 108,107.63
Total load (MWh across horizon):       108,107.63
Units committed at least once: 28

Extracting DAM commitments for DARUC input...
  Total DAM unit-hours: 564
  Total DAM startups:   12

======================================================================
STEP 2: DARUC (ROBUST RELIABILITY COMMITMENT)
======================================================================

Constructing static uncertainty set...
Found 4 wind units for uncertainty modeling:
  - 122_WIND_1
  - 303_WIND_1
  - 309_WIND_1
  - 317_WIND_1

Uncertainty set configuration:
  Ellipsoid radius (rho): 2.00
  Wind std dev fraction: 15.0%
  Covariance matrix shape: (4, 4)

Building Gurobi DARUC model (with DAM commitment floor)...
  [ARUC] Line flow constraints DISABLED (copper-plate mode)
Set parameter OutputFlag to value 1
Set parameter NumericFocus to value 1
Set parameter BarHomogeneous to value -1
Set parameter ScaleFlag to value 1
Set parameter MIPGap to value 0.005
Set parameter Heuristics to value 0.2
Set parameter MIPFocus to value 1
Warm start: set 5544 binary start values from DAM solution
  Model built. Starting optimization...
Gurobi Optimizer version 13.0.0 build v13.0.0rc1 (mac64[x86] - Darwin 21.6.0 21H1320)

CPU model: Intel(R) Core(TM) i5-6267U CPU @ 2.90GHz
Thread count: 2 physical cores, 4 logical processors, using up to 4 threads

Non-default parameters:
MIPGap  0.005
ScaleFlag  1
Heuristics  0.2
MIPFocus  1
NumericFocus  1

Academic license 2739141 - for non-commercial use only - registered to wa___@bu.edu
Optimize a model with 29159 rows, 45961 columns and 100411 nonzeros (Min)
Model fingerprint: 0xf5c52948
Model has 3505 linear objective coefficients
Model has 1872 quadratic constraints
Variable types: 40417 continuous, 5544 integer (5544 binary)
Coefficient statistics:
  Matrix range     [1e-03, 1e+04]
  QMatrix range    [1e+00, 1e+00]
  Objective range  [1e+00, 2e+04]
  Bounds range     [1e+00, 1e+00]
  RHS range        [1e+00, 6e+03]

User MIP start did not produce a new incumbent solution

Presolve removed 19367 rows and 31155 columns
Presolve time: 0.69s
Presolved: 9792 rows, 14806 columns, 52147 nonzeros
Presolved model has 1872 quadratic constraint(s)
Variable types: 11232 continuous, 3574 integer (3574 binary)

Root relaxation: objective 1.789654e+06, 1026 iterations, 0.04 seconds (0.02 work units)
Another try with MIP start

    Nodes    |    Current Node    |     Objective Bounds      |     Work
 Expl Unexpl |  Obj  Depth IntInf | Incumbent    BestBd   Gap | It/Node Time

H    0     0                    1.487155e+07 1789653.92  88.0%     -    3s
H    0     0                    1.357097e+07 1789653.92  86.8%     -    3s
H    0     0                    1.342385e+07 1789653.92  86.7%     -    4s
H    0     0                    1.148149e+07 1789653.92  84.4%     -    4s
     0     0 1789653.92    0   24 1.1481e+07 1789653.92  84.4%     -    4s
H    0     0                    1.148149e+07 1789653.92  84.4%     -    4s
     0     0 1789653.92    0   24 1.1481e+07 1789653.92  84.4%     -    5s
Another try with MIP start
     0     0 1789653.92    0   24 1.1481e+07 1789653.92  84.4%     -    9s
     0     0 1801189.10    0   20 1.1481e+07 1801189.10  84.3%     -   10s
     0     0 1801189.10    0   20 1.1481e+07 1801189.10  84.3%     -   15s
     0     0 1806535.77    0    9 1.1481e+07 1806535.77  84.3%     -   18s
     0     0 1832027.66    0   24 1.1481e+07 1832027.66  84.0%     -   19s
     0     0 1833854.69    0   15 1.1481e+07 1833854.69  84.0%     -   19s
     0     0 1855539.30    0   20 1.1481e+07 1855539.30  83.8%     -   21s
     0     0 1856720.13    0   23 1.1481e+07 1856720.13  83.8%     -   22s
     0     0 1902428.80    0   37 1.1481e+07 1902428.80  83.4%     -   26s
     0     0 1903857.55    0   46 1.1481e+07 1903857.55  83.4%     -   27s
     0     0 1915021.77    0   39 1.1481e+07 1915021.77  83.3%     -   30s
     0     0 1915021.77    0   39 1.1481e+07 1915021.77  83.3%     -   30s
     0     0 1915021.77    0   39 1.1481e+07 1915021.77  83.3%     -   30s
H    0     0                    1992849.9048 1915021.77  3.91%     -   88s
H    0     0                    1953721.4265 1915021.77  1.98%     -  120s
H    0     2                    1953711.1822 1921225.59  1.66%     -  123s
     0     2 1921225.59    0   57 1953711.18 1921225.59  1.66%     -  123s
     3     6 1926397.58    2   51 1953711.18 1921310.49  1.66%  1168  125s
H    6     8                    1953711.1817 1921310.49  1.66%  1160  126s
    10    14 1928630.12    5   56 1953711.18 1921310.49  1.66%   968  130s
    19    22 1930277.10    9   19 1953711.18 1921310.49  1.66%   678  136s
H   21    24                    1953711.1736 1921310.49  1.66%   640  138s
    23    28 1930535.84   11   20 1953711.17 1921310.49  1.66%   610  140s
    29    34 1930541.03   14   28 1953711.17 1921310.49  1.66%   506  147s
H   41    43                    1953711.1694 1921310.49  1.66%   381  149s
    52    51 1938343.84   22   24 1953711.17 1921310.49  1.66%   383  151s
H   60    59                    1953711.1584 1921310.49  1.66%   458  155s
H   66    63                    1953711.1548 1921310.49  1.66%   424  157s
H   74    73                    1953711.1521 1921310.49  1.66%   486  160s
   109   103 1946707.61   50    4 1953711.15 1921310.49  1.66%   476  165s
   122   112 1953027.14   57   31 1953711.15 1921310.49  1.66%   508  170s
   129   116 1951665.55   55   18 1953711.15 1921310.49  1.66%   557  175s
   140   116     cutoff   55      1953711.15 1921777.65  1.63%   614  182s
H  148   124                    1953711.1364 1921777.65  1.63%   669  185s
   157   127 1944752.28    5   23 1953711.14 1921777.65  1.63%   662  191s
   159   128 1944878.84    6   21 1953711.14 1921777.65  1.63%   772  195s
   172   146 1946061.26    9   10 1953711.14 1926411.62  1.40%   799  201s
   189   154 1949708.98   11   20 1953711.14 1926411.62  1.40%   796  208s
   192   154 1949723.11   12   19 1953711.14 1926411.62  1.40%   818  210s
   200   154 1950812.14   14   17 1953711.14 1926411.62  1.40%   818  215s
   206   160 1951223.52   17    6 1953711.14 1926411.62  1.40%   824  222s
   208   165 1952865.92   17    4 1953711.14 1926411.62  1.40%   819  225s
   216   165     cutoff   21      1953711.14 1926411.62  1.40%   832  231s
   219   165     cutoff   21      1953711.14 1926437.12  1.40%   839  235s
   230   182 1946729.69    9   16 1953711.14 1926508.77  1.39%   856  241s
   258   209 1949029.29    9   19 1953711.14 1926508.77  1.39%   828  247s
   273   217 1950369.63   21    2 1953711.14 1926508.77  1.39%   790  250s
   295   214 infeasible   26      1953711.14 1926508.77  1.39%   757  255s
   304   215 1952229.71   45   33 1953711.14 1926508.77  1.39%   815  262s
   309   220 1952476.98   47   29 1953711.14 1926508.77  1.39%   837  266s
   321   220     cutoff   54      1953711.14 1926659.19  1.38%   823  271s
   331   239 1947165.26    7   33 1953711.14 1926659.19  1.38%   858  278s
   346   242 1948962.63   20    1 1953711.14 1926669.08  1.38%   829  285s
   371   264 1941125.07   10   38 1953711.14 1926669.08  1.38%   822  295s
   379   277 1949338.92   17   23 1953711.14 1926669.08  1.38%   820  301s
   392   286 1950736.01   25    7 1953711.14 1926669.08  1.38%   805  307s
   409   290 1951961.00   33    - 1953711.14 1926798.58  1.38%   784  315s
   416   294 1944655.66    6   39 1953711.14 1926798.58  1.38%   813  354s
   418   295 1939591.61    9   38 1953711.14 1939591.61  0.72%   809  356s
   421   297 1948569.58    7   46 1953711.14 1940339.45  0.68%   803  360s
H  423   283                    1951960.2297 1940415.30  0.59%   799  368s
H  423   269                    1950173.5336 1940415.30  0.50%   799  370s

Cutting planes:
  Cover: 12
  Clique: 7
  MIR: 1
  Flow cover: 4
  GUB cover: 1
  Network: 4
  Relax-and-lift: 4

Explored 427 nodes (402797 simplex iterations) in 374.79 seconds (218.41 work units)
Thread count was 4 (of 4 available processors)

Solution count 8: 1.95017e+06 1.95196e+06 1.95371e+06 ... 1.48715e+07

Optimal solution found (tolerance 5.00e-03)
Best objective 1.950173533619e+06, best bound 1.940450618789e+06, gap 0.4986%

=== ARUC-LDR UC Summary ===
Objective value: 1,950,173.53
Number of generators: 77
Number of buses:      73
Number of lines:      120
Number of periods:    24
Total nominal generation (MWh): 108,107.63
Total load (MWh):               108,107.63
Units committed at least once: 29

======================================================================
Z COEFFICIENT ANALYSIS
======================================================================

Generators with non-zero Z coefficients: 29
Wind generators in problem: 4

Top 5 generators by total |Z|:
  303_WIND_1 (WIND): 32.44
  317_WIND_1 (WIND): 31.93
  122_WIND_1 (WIND): 30.21
  309_WIND_1 (WIND): 26.26
  223_STEAM_3 (THERMAL): 5.59

Example Z pattern for 101_STEAM_3:
  Shape: (24, 4) (time x K)
  First few rows:
k                               0             1             2             3
time                                                                       
2020-05-15 00:00:00 -6.756813e-02 -6.756812e-02 -6.756817e-02 -6.756813e-02
2020-05-15 01:00:00  5.375331e-07  5.375341e-07  5.375281e-07  5.375341e-07
2020-05-15 02:00:00  5.715596e-07  5.715596e-07  5.715596e-07  5.715596e-07
2020-05-15 03:00:00  5.228634e-07  5.228636e-07  5.228625e-07  5.228635e-07
2020-05-15 04:00:00 -6.640842e-02 -6.640842e-02 -6.640841e-02 -6.640842e-02

======================================================================
DARUC DEVIATION ANALYSIS (DARUC vs DAM)
======================================================================

DAM objective:     1,790,455.94
DARUC objective:   1,950,173.53
Cost increase:       159,717.59  (+8.92%)

Generators with additional commitments: 9
Total extra unit-hours committed: 31

Details:
     gen_id gen_type  extra_committed_hours  dam_committed_hours  daruc_committed_hours                        periods_added
   107_CC_1  THERMAL                      7                   15                     22                [0, 1, 2, 3, 4, 5, 6]
115_STEAM_3  THERMAL                      1                   23                     24                                 [23]
   118_CC_1  THERMAL                      1                    9                     10                                 [10]
123_STEAM_2  THERMAL                      1                   22                     23                                 [22]
201_STEAM_3  THERMAL                      1                   22                     23                                 [22]
202_STEAM_3  THERMAL                      1                   23                     24                                 [23]
   221_CC_1  THERMAL                      9                   13                     22         [0, 1, 2, 3, 4, 5, 6, 7, 21]
   321_CC_1  THERMAL                      1                   12                     13                                  [8]
   323_CC_2  THERMAL                      9                    0                      9 [12, 13, 14, 15, 16, 17, 18, 19, 20]

Verified: u_DARUC >= u_DAM for all (i, t).

======================================================================
Z MATRIX ANALYSIS
======================================================================

  Period 2020-05-15 00:00:00:  rho=2.0000
    Column sums (all gens):  [-3.66373598e-15 -3.44169138e-15 -3.71924713e-15 -3.55271368e-15]
    Column sums (wind only): [0.08272999 0.08272999 0.08273001 0.08272999]
    Column sums (non-wind):  [-0.08272999 -0.08272999 -0.08273001 -0.08272999]
    122_WIND_1            Z=[+0.7675, -0.2325, -0.2325, -0.2325]  sum=+0.0698
    303_WIND_1            Z=[-0.3120, +0.6880, -0.3120, -0.3120]  sum=-0.2481
    309_WIND_1            Z=[-0.0713, -0.0713, +0.9287, -0.0713]  sum=+0.7148
    317_WIND_1            Z=[-0.3014, -0.3014, -0.3014, +0.6986]  sum=-0.2056

  Period 2020-05-15 01:00:00:  rho=2.0000
    Column sums (all gens):  [-1.11022302e-16 -5.55111512e-17  1.11022302e-16  0.00000000e+00]
    Column sums (wind only): [0.14583455 0.14583485 0.14583303 0.14583482]
    Column sums (non-wind):  [-0.14583455 -0.14583485 -0.14583303 -0.14583482]
    122_WIND_1            Z=[+0.7925, -0.2075, -0.2075, -0.2075]  sum=+0.1701
    303_WIND_1            Z=[-0.2980, +0.7020, -0.2980, -0.2980]  sum=-0.1921
    309_WIND_1            Z=[-0.0675, -0.0675, +0.9325, -0.0675]  sum=+0.7301
    317_WIND_1            Z=[-0.2812, -0.2812, -0.2812, +0.7188]  sum=-0.1247

  Period 2020-05-15 02:00:00:  rho=2.0000
    Column sums (all gens):  [ 2.77555756e-16  1.66533454e-16 -5.55111512e-17  2.22044605e-16]
    Column sums (wind only): [0.12387405 0.12387405 0.12387405 0.12387405]
    Column sums (non-wind):  [-0.12387405 -0.12387405 -0.12387405 -0.12387405]
    122_WIND_1            Z=[+0.7945, -0.2055, -0.2055, -0.2055]  sum=+0.1778
    303_WIND_1            Z=[-0.3112, +0.6888, -0.3112, -0.3112]  sum=-0.2447
    309_WIND_1            Z=[-0.0687, -0.0687, +0.9313, -0.0687]  sum=+0.7250
    317_WIND_1            Z=[-0.2907, -0.2907, -0.2907, +0.7093]  sum=-0.1626

  Period 2020-05-15 03:00:00:  rho=2.0000
    Column sums (all gens):  [ 2.22044605e-16  1.11022302e-16 -5.55111512e-17  1.11022302e-16]
    Column sums (wind only): [0.15561082 0.15561085 0.1556106  0.15561085]
    Column sums (non-wind):  [-0.15561082 -0.15561085 -0.1556106  -0.15561085]
    122_WIND_1            Z=[+0.8092, -0.1908, -0.1908, -0.1908]  sum=+0.2366
    303_WIND_1            Z=[-0.3078, +0.6922, -0.3078, -0.3078]  sum=-0.2311
    309_WIND_1            Z=[-0.0649, -0.0649, +0.9351, -0.0649]  sum=+0.7402
    317_WIND_1            Z=[-0.2808, -0.2808, -0.2808, +0.7192]  sum=-0.1233

  Period 2020-05-15 04:00:00:  rho=2.0000
    Column sums (all gens):  [-3.59323682e-13 -3.59101637e-13 -3.59379193e-13 -3.59379193e-13]
    Column sums (wind only): [0.10521958 0.10521958 0.10521961 0.10521958]
    Column sums (non-wind):  [-0.10521958 -0.10521958 -0.10521961 -0.10521958]
    122_WIND_1            Z=[+0.8082, -0.1918, -0.1918, -0.1918]  sum=+0.2327
    303_WIND_1            Z=[-0.3380, +0.6620, -0.3380, -0.3380]  sum=-0.3520
    309_WIND_1            Z=[-0.0648, -0.0648, +0.9352, -0.0648]  sum=+0.7410
    317_WIND_1            Z=[-0.3002, -0.3002, -0.3002, +0.6998]  sum=-0.2008

  Period 2020-05-15 05:00:00:  rho=2.0000
    Column sums (all gens):  [-7.50899343e-13 -7.50788320e-13 -7.50899343e-13 -7.50954854e-13]
    Column sums (wind only): [0.1400045  0.1400045  0.14000457 0.1400045 ]
    Column sums (non-wind):  [-0.1400045  -0.1400045  -0.14000457 -0.1400045 ]
    122_WIND_1            Z=[+0.8195, -0.1805, -0.1805, -0.1805]  sum=+0.2780
    303_WIND_1            Z=[-0.3317, +0.6683, -0.3317, -0.3317]  sum=-0.3267
    309_WIND_1            Z=[-0.0612, -0.0612, +0.9388, -0.0612]  sum=+0.7554
    317_WIND_1            Z=[-0.2867, -0.2867, -0.2867, +0.7133]  sum=-0.1466

  Period 2020-05-15 06:00:00:  rho=2.0000
    Column sums (all gens):  [-2.21683782e-13 -2.21295204e-13 -2.21600516e-13 -2.21267449e-13]
    Column sums (wind only): [0.29156109 0.29156111 0.29156052 0.29156111]
    Column sums (non-wind):  [-0.29156109 -0.29156111 -0.29156052 -0.29156111]
    122_WIND_1            Z=[+0.8426, -0.1574, -0.1574, -0.1574]  sum=+0.3706
    303_WIND_1            Z=[-0.2665, +0.7335, -0.2665, -0.2665]  sum=-0.0659
    309_WIND_1            Z=[-0.0563, -0.0563, +0.9437, -0.0563]  sum=+0.7746
    317_WIND_1            Z=[-0.2283, -0.2283, -0.2283, +0.7717]  sum=+0.0870

  Period 2020-05-15 07:00:00:  rho=2.0000
    Column sums (all gens):  [2.44526621e-13 2.44221310e-13 2.44276821e-13 2.44582132e-13]
    Column sums (wind only): [0.51324654 0.51324658 0.51324448 0.51324659]
    Column sums (non-wind):  [-0.51324654 -0.51324658 -0.51324448 -0.51324659]
    122_WIND_1            Z=[+0.8794, -0.1206, -0.1206, -0.1206]  sum=+0.5176
    303_WIND_1            Z=[-0.1688, +0.8312, -0.1688, -0.1688]  sum=+0.3247
    309_WIND_1            Z=[-0.0491, -0.0491, +0.9509, -0.0491]  sum=+0.8038
    317_WIND_1            Z=[-0.1483, -0.1483, -0.1483, +0.8517]  sum=+0.4068

  Period 2020-05-15 08:00:00:  rho=2.0000
    Column sums (all gens):  [1.62092562e-14 1.62370117e-14 1.65423231e-14 1.65145675e-14]
    Column sums (wind only): [0.60889948 0.60889948 0.60889718 0.60889949]
    Column sums (non-wind):  [-0.60889948 -0.60889948 -0.60889718 -0.60889949]
    122_WIND_1            Z=[+0.9034, -0.0966, -0.0966, -0.0966]  sum=+0.6135
    303_WIND_1            Z=[-0.1350, +0.8650, -0.1350, -0.1350]  sum=+0.4601
    309_WIND_1            Z=[-0.0431, -0.0431, +0.9569, -0.0431]  sum=+0.8277
    317_WIND_1            Z=[-0.1164, -0.1164, -0.1164, +0.8836]  sum=+0.5343

  Period 2020-05-15 09:00:00:  rho=2.0000
    Column sums (all gens):  [-7.83262344e-14 -7.84650123e-14 -7.84650123e-14 -7.84650123e-14]
    Column sums (wind only): [0.68146631 0.68145861 0.68147073 0.6814592 ]
    Column sums (non-wind):  [-0.68146631 -0.68145861 -0.68147073 -0.6814592 ]
    122_WIND_1            Z=[+0.9194, -0.0806, -0.0806, -0.0806]  sum=+0.6775
    303_WIND_1            Z=[-0.1129, +0.8871, -0.1129, -0.1129]  sum=+0.5482
    309_WIND_1            Z=[-0.0311, -0.0311, +0.9689, -0.0311]  sum=+0.8755
    317_WIND_1            Z=[-0.0938, -0.0938, -0.0938, +0.9062]  sum=+0.6246

  Period 2020-05-15 10:00:00:  rho=2.0000
    Column sums (all gens):  [-6.09789996e-14 -6.07569550e-14 -6.14786000e-14 -6.09789996e-14]
    Column sums (wind only): [0.68659455 0.6865831  0.68660572 0.68658435]
    Column sums (non-wind):  [-0.68659455 -0.6865831  -0.68660572 -0.68658435]
    122_WIND_1            Z=[+0.9204, -0.0796, -0.0796, -0.0796]  sum=+0.6817
    303_WIND_1            Z=[-0.1108, +0.8892, -0.1108, -0.1108]  sum=+0.5569
    309_WIND_1            Z=[-0.0282, -0.0282, +0.9718, -0.0282]  sum=+0.8870
    317_WIND_1            Z=[-0.0948, -0.0948, -0.0948, +0.9052]  sum=+0.6208

  Period 2020-05-15 11:00:00:  rho=2.0000
    Column sums (all gens):  [-5.79102794e-14 -5.78122251e-14 -5.77655126e-14 -5.81119360e-14]
    Column sums (wind only): [0.66627772 0.66626705 0.66628327 0.66626823]
    Column sums (non-wind):  [-0.66627772 -0.66626705 -0.66628327 -0.66626823]
    122_WIND_1            Z=[+0.9140, -0.0860, -0.0860, -0.0860]  sum=+0.6559
    303_WIND_1            Z=[-0.1174, +0.8826, -0.1174, -0.1174]  sum=+0.5303
    309_WIND_1            Z=[-0.0283, -0.0283, +0.9717, -0.0283]  sum=+0.8868
    317_WIND_1            Z=[-0.1020, -0.1020, -0.1020, +0.8980]  sum=+0.5922

  Period 2020-05-15 12:00:00:  rho=2.0000
    Column sums (all gens):  [2.34310835e-13 2.34626554e-13 2.34482572e-13 2.34250119e-13]
    Column sums (wind only): [0.64673536 0.6467275  0.64673719 0.64672851]
    Column sums (non-wind):  [-0.64673536 -0.6467275  -0.64673719 -0.64672851]
    122_WIND_1            Z=[+0.9065, -0.0935, -0.0935, -0.0935]  sum=+0.6261
    303_WIND_1            Z=[-0.1173, +0.8827, -0.1173, -0.1173]  sum=+0.5309
    309_WIND_1            Z=[-0.0324, -0.0324, +0.9676, -0.0324]  sum=+0.8706
    317_WIND_1            Z=[-0.1102, -0.1102, -0.1102, +0.8898]  sum=+0.5593

  Period 2020-05-15 13:00:00:  rho=2.0000
    Column sums (all gens):  [-4.25302155e-14 -4.24070501e-14 -4.24452140e-14 -4.25198071e-14]
    Column sums (wind only): [0.69588869 0.69588422 0.69589047 0.69588504]
    Column sums (non-wind):  [-0.69588869 -0.69588422 -0.69589047 -0.69588504]
    122_WIND_1            Z=[+0.9198, -0.0802, -0.0802, -0.0802]  sum=+0.6791
    303_WIND_1            Z=[-0.0963, +0.9037, -0.0963, -0.0963]  sum=+0.6149
    309_WIND_1            Z=[-0.0301, -0.0301, +0.9699, -0.0301]  sum=+0.8796
    317_WIND_1            Z=[-0.0975, -0.0975, -0.0975, +0.9025]  sum=+0.6099

  Period 2020-05-15 14:00:00:  rho=2.0000
    Column sums (all gens):  [2.38168860e-14 2.39686743e-14 2.35063705e-14 2.36694345e-14]
    Column sums (wind only): [0.6961318  0.69613117 0.6961331  0.69613183]
    Column sums (non-wind):  [-0.6961318  -0.69613117 -0.6961331  -0.69613183]
    122_WIND_1            Z=[+0.9185, -0.0815, -0.0815, -0.0815]  sum=+0.6740
    303_WIND_1            Z=[-0.0919, +0.9081, -0.0919, -0.0919]  sum=+0.6323
    309_WIND_1            Z=[-0.0332, -0.0332, +0.9668, -0.0332]  sum=+0.8670
    317_WIND_1            Z=[-0.0972, -0.0972, -0.0972, +0.9028]  sum=+0.6112

  Period 2020-05-15 15:00:00:  rho=2.0000
    Column sums (all gens):  [-1.01030295e-14 -1.02869102e-14 -1.05072201e-14 -1.02955838e-14]
    Column sums (wind only): [0.7029189  0.70291513 0.70292311 0.70291591]
    Column sums (non-wind):  [-0.7029189  -0.70291513 -0.70292311 -0.70291591]
    122_WIND_1            Z=[+0.9181, -0.0819, -0.0819, -0.0819]  sum=+0.6726
    303_WIND_1            Z=[-0.0878, +0.9122, -0.0878, -0.0878]  sum=+0.6487
    309_WIND_1            Z=[-0.0361, -0.0361, +0.9639, -0.0361]  sum=+0.8557
    317_WIND_1            Z=[-0.0913, -0.0913, -0.0913, +0.9087]  sum=+0.6347

  Period 2020-05-15 16:00:00:  rho=2.0000
    Column sums (all gens):  [1.02001740e-14 1.00197628e-14 1.01169073e-14 9.49240686e-15]
    Column sums (wind only): [0.62931696 0.62931679 0.62932149 0.6293168 ]
    Column sums (non-wind):  [-0.62931696 -0.62931679 -0.62932149 -0.6293168 ]
    122_WIND_1            Z=[+0.8960, -0.1040, -0.1040, -0.1040]  sum=+0.5840
    303_WIND_1            Z=[-0.1082, +0.8918, -0.1082, -0.1082]  sum=+0.5672
    309_WIND_1            Z=[-0.0433, -0.0433, +0.9567, -0.0433]  sum=+0.8269
    317_WIND_1            Z=[-0.1152, -0.1152, -0.1152, +0.8848]  sum=+0.5392

  Period 2020-05-15 17:00:00:  rho=2.0000
    Column sums (all gens):  [2.43416398e-14 2.42028619e-14 2.41751064e-14 2.38420395e-14]
    Column sums (wind only): [0.67698665 0.6769867  0.6769851  0.6769867 ]
    Column sums (non-wind):  [-0.67698665 -0.6769867  -0.6769851  -0.6769867 ]
    122_WIND_1            Z=[+0.9104, -0.0896, -0.0896, -0.0896]  sum=+0.6415
    303_WIND_1            Z=[-0.0917, +0.9083, -0.0917, -0.0917]  sum=+0.6330
    309_WIND_1            Z=[-0.0431, -0.0431, +0.9569, -0.0431]  sum=+0.8275
    317_WIND_1            Z=[-0.0985, -0.0985, -0.0985, +0.9015]  sum=+0.6059

  Period 2020-05-15 18:00:00:  rho=2.0000
    Column sums (all gens):  [8.00748357e-14 7.97417687e-14 7.96307464e-14 8.00748357e-14]
    Column sums (wind only): [0.5747339  0.57473398 0.57473219 0.57473398]
    Column sums (non-wind):  [-0.5747339  -0.57473398 -0.57473219 -0.57473398]
    122_WIND_1            Z=[+0.8823, -0.1177, -0.1177, -0.1177]  sum=+0.5293
    303_WIND_1            Z=[-0.1275, +0.8725, -0.1275, -0.1275]  sum=+0.4900
    309_WIND_1            Z=[-0.0445, -0.0445, +0.9555, -0.0445]  sum=+0.8219
    317_WIND_1            Z=[-0.1356, -0.1356, -0.1356, +0.8644]  sum=+0.4577

  Period 2020-05-15 19:00:00:  rho=2.0000
    Column sums (all gens):  [-3.03645997e-14 -3.04756220e-14 -3.02258218e-14 -3.04201109e-14]
    Column sums (wind only): [0.67023681 0.67023682 0.67023494 0.67023683]
    Column sums (non-wind):  [-0.67023681 -0.67023682 -0.67023494 -0.67023683]
    122_WIND_1            Z=[+0.9121, -0.0879, -0.0879, -0.0879]  sum=+0.6485
    303_WIND_1            Z=[-0.0992, +0.9008, -0.0992, -0.0992]  sum=+0.6031
    309_WIND_1            Z=[-0.0410, -0.0410, +0.9590, -0.0410]  sum=+0.8362
    317_WIND_1            Z=[-0.1017, -0.1017, -0.1017, +0.8983]  sum=+0.5932

  Period 2020-05-15 20:00:00:  rho=2.0000
    Column sums (all gens):  [3.74422715e-14 3.72479825e-14 3.71647157e-14 3.70536934e-14]
    Column sums (wind only): [0.61589273 0.61589275 0.61589111 0.61589275]
    Column sums (non-wind):  [-0.61589273 -0.61589275 -0.61589111 -0.61589275]
    122_WIND_1            Z=[+0.8998, -0.1002, -0.1002, -0.1002]  sum=+0.5994
    303_WIND_1            Z=[-0.1157, +0.8843, -0.1157, -0.1157]  sum=+0.5371
    309_WIND_1            Z=[-0.0496, -0.0496, +0.9504, -0.0496]  sum=+0.8015
    317_WIND_1            Z=[-0.1186, -0.1186, -0.1186, +0.8814]  sum=+0.5256

  Period 2020-05-15 21:00:00:  rho=2.0000
    Column sums (all gens):  [-1.80022663e-13 -1.80105930e-13 -1.80078175e-13 -1.80078175e-13]
    Column sums (wind only): [0.60175756 0.60175926 0.60175608 0.60175907]
    Column sums (non-wind):  [-0.60175756 -0.60175926 -0.60175608 -0.60175907]
    122_WIND_1            Z=[+0.9028, -0.0972, -0.0972, -0.0972]  sum=+0.6111
    303_WIND_1            Z=[-0.1291, +0.8709, -0.1291, -0.1291]  sum=+0.4835
    309_WIND_1            Z=[-0.0428, -0.0428, +0.9572, -0.0428]  sum=+0.8289
    317_WIND_1            Z=[-0.1291, -0.1291, -0.1291, +0.8709]  sum=+0.4835

  Period 2020-05-15 22:00:00:  rho=2.0000
    Column sums (all gens):  [-2.10692574e-13 -2.11081153e-13 -2.10942375e-13 -2.11053397e-13]
    Column sums (wind only): [0.48098461 0.48098469 0.48098352 0.48098468]
    Column sums (non-wind):  [-0.48098461 -0.48098469 -0.48098352 -0.48098468]
    122_WIND_1            Z=[+0.8426, -0.1574, -0.1574, -0.1574]  sum=+0.3703
    303_WIND_1            Z=[-0.1574, +0.8426, -0.1574, -0.1574]  sum=+0.3703
    309_WIND_1            Z=[-0.0467, -0.0467, +0.9533, -0.0467]  sum=+0.8132
    317_WIND_1            Z=[-0.1574, -0.1574, -0.1574, +0.8426]  sum=+0.3703

  Period 2020-05-15 23:00:00:  rho=2.0000
    Column sums (all gens):  [7.75768338e-14 7.72160114e-14 7.74103004e-14 7.72715225e-14]
    Column sums (wind only): [0.3896282  0.38962857 0.38962591 0.38962836]
    Column sums (non-wind):  [-0.3896282  -0.38962857 -0.38962591 -0.38962836]
    122_WIND_1            Z=[+0.8137, -0.1863, -0.1863, -0.1863]  sum=+0.2548
    303_WIND_1            Z=[-0.1863, +0.8137, -0.1863, -0.1863]  sum=+0.2548
    309_WIND_1            Z=[-0.0515, -0.0515, +0.9485, -0.0515]  sum=+0.7941
    317_WIND_1            Z=[-0.1863, -0.1863, -0.1863, +0.8137]  sum=+0.2548

  Non-wind generators with non-zero Z (498 entries):
             Z_row_sum  Z_row_abs_sum
gen_id                               
313_CC_1     -0.425020       0.425020
118_CC_1     -0.411196       0.411196
323_CC_2      0.325366       0.327331
321_CC_1     -0.321404       0.321404
323_CC_1      0.282252       0.298248
223_STEAM_3  -0.223217       0.232770
221_CC_1      0.086485       0.220764
107_CC_1     -0.125240       0.215162
212_CSP_1    -0.206244       0.206244
123_STEAM_3  -0.167253       0.192244
223_STEAM_1  -0.120299       0.122521
223_STEAM_2  -0.120277       0.122499
115_STEAM_3  -0.074187       0.113200
216_STEAM_1  -0.100337       0.107061
316_STEAM_1  -0.065433       0.106672
123_STEAM_2  -0.066554       0.106357
116_STEAM_1  -0.084239       0.105339
101_STEAM_4  -0.081611       0.081612
101_STEAM_3  -0.081611       0.081612
102_STEAM_4  -0.058112       0.066964
======================================================================

DARUC objective: 1,950,173.53
DAM objective:   1,790,455.94

======================================================================
RUNNING ARUC-LDR (one-shot robust)
======================================================================
Building DAMData from RTS-GMLC...
  Excluded 81 generators: {'RTPV': 31, 'PV': 25, 'HYDRO': 19, 'SYNC_COND': 3, 'NUCLEAR': 1, 'ROR': 1, 'STORAGE': 1}
  Using SPP ensemble mean for wind Pmax: uncertainty_sets_refactored/data/forecasts_filtered_rts4_constellation_v2.parquet
  Done. Data shapes:
    n_gens   = 77
    n_buses  = 73
    n_lines  = 120
    n_periods= 24 (total_hours=24)

Constructing static uncertainty set...
Found 4 wind units for uncertainty modeling:
  - 122_WIND_1
  - 303_WIND_1
  - 309_WIND_1
  - 317_WIND_1

Uncertainty set configuration:
  Ellipsoid radius (rho): 2.00
  Wind std dev fraction: 15.0%
  Covariance matrix shape: (4, 4)

Building Gurobi ARUC-LDR model...
  [ARUC] Line flow constraints DISABLED (copper-plate mode)
Set parameter OutputFlag to value 1
Set parameter NumericFocus to value 1
Set parameter BarHomogeneous to value -1
Set parameter ScaleFlag to value 1
Set parameter MIPGap to value 0.005
Set parameter Heuristics to value 0.2
Set parameter MIPFocus to value 1
  Solving quick DAM for warm start...
  [DAM] Line flow constraints DISABLED (copper-plate mode)
Set parameter OutputFlag to value 1
Warm start: set 5544 binary start values from DAM solution
  Model built. Starting optimization...
Gurobi Optimizer version 13.0.0 build v13.0.0rc1 (mac64[x86] - Darwin 21.6.0 21H1320)

CPU model: Intel(R) Core(TM) i5-6267U CPU @ 2.90GHz
Thread count: 2 physical cores, 4 logical processors, using up to 4 threads

Non-default parameters:
MIPGap  0.005
ScaleFlag  1
Heuristics  0.2
MIPFocus  1
NumericFocus  1

Academic license 2739141 - for non-commercial use only - registered to wa___@bu.edu
Optimize a model with 23615 rows, 40417 columns and 89323 nonzeros (Min)
Model fingerprint: 0xf488b146
Model has 3505 linear objective coefficients
Model has 1872 quadratic constraints
Variable types: 34873 continuous, 5544 integer (5544 binary)
Coefficient statistics:
  Matrix range     [1e-03, 1e+04]
  QMatrix range    [1e+00, 1e+00]
  Objective range  [1e+00, 2e+04]
  Bounds range     [1e+00, 1e+00]
  RHS range        [1e+00, 6e+03]

User MIP start did not produce a new incumbent solution

Presolve removed 11563 rows and 24288 columns
Presolve time: 0.87s
Presolved: 12052 rows, 16129 columns, 62106 nonzeros
Presolved model has 1872 quadratic constraint(s)
Variable types: 11233 continuous, 4896 integer (4896 binary)

Root relaxation: objective 1.780694e+06, 3493 iterations, 0.30 seconds (0.13 work units)
Another try with MIP start

    Nodes    |    Current Node    |     Objective Bounds      |     Work
 Expl Unexpl |  Obj  Depth IntInf | Incumbent    BestBd   Gap | It/Node Time

H    0     0                    3.349124e+07 1780694.45  94.7%     -    1s
H    0     0                    2936034.3908 1780694.45  39.4%     -    8s
H    0     0                    2707074.1014 1780694.45  34.2%     -   18s
H    0     0                    2598740.4535 1780694.45  31.5%     -   22s
H    0     0                    2330503.9763 1780694.45  23.6%     -   24s
H    0     0                    2291003.5518 1780694.45  22.3%     -   27s
H    0     0                    2290704.2578 1780694.45  22.3%     -   37s
H    0     0                    2290530.2815 1780694.45  22.3%     -   41s
     0     0 1780694.45    0  121 2290530.28 1780694.45  22.3%     -   59s
     0     0 1784247.37    0  147 2290530.28 1784247.37  22.1%     -   59s
     0     0 1784247.37    0  147 2290530.28 1784247.37  22.1%     -   60s
     0     0 1787630.73    0  117 2290530.28 1787630.73  22.0%     -   60s
     0     0 1787655.43    0  118 2290530.28 1787655.43  22.0%     -   61s
     0     0 1788667.79    0  125 2290530.28 1788667.79  21.9%     -   62s
     0     0 1788802.09    0  113 2290530.28 1788802.09  21.9%     -   64s
     0     0 1788802.09    0  113 2290530.28 1788802.09  21.9%     -   65s
     0     0 1790473.00    0  126 2290530.28 1790473.00  21.8%     -   68s
     0     0 1802149.36    0  192 2290530.28 1802149.36  21.3%     -   73s
H    0     0                    1959931.3920 1802149.36  8.05%     -   73s
H    0     0                    1949472.4748 1802149.36  7.56%     -   73s
     0     0 1811248.75    0  152 1949472.47 1811248.75  7.09%     -   75s
     0     0 1844061.06    0  136 1949472.47 1844061.06  5.41%     -   79s
     0     0 1844061.06    0  136 1949472.47 1844061.06  5.41%     -   79s
     0     0 1844061.06    0  136 1949472.47 1844061.06  5.41%     -  121s
     0     0 1844061.06    0  136 1949472.47 1844061.06  5.41%     -  125s
     0     0 1844061.06    0  136 1949472.47 1844061.06  5.41%     -  131s
     0     0 1844061.06    0  136 1949472.47 1844061.06  5.41%     -  135s
     0     0 1844061.06    0  136 1949472.47 1844061.06  5.41%     -  141s
     0     0 1844061.06    0  136 1949472.47 1844061.06  5.41%     -  145s
     0     0 1844061.06    0  136 1949472.47 1844061.06  5.41%     -  152s
     0     0 1844061.06    0  136 1949472.47 1844061.06  5.41%     -  155s
     0     0 1844061.06    0  136 1949472.47 1844061.06  5.41%     -  160s
     0     0 1844061.06    0  136 1949472.47 1844061.06  5.41%     -  165s
     0     2 1921271.83    0  213 1949472.47 1921271.83  1.45%     -  179s
     1     4 1921473.21    1  209 1949472.47 1921372.09  1.44%   163  180s
     3     6 1927771.45    2  167 1949472.47 1921473.93  1.44%  1495  185s
     7    12 1928548.53    4  160 1949472.47 1921473.93  1.44%  1346  190s
    15    18 1929934.89    7  153 1949472.47 1921473.93  1.44%   999  196s
    21    26 1930018.88    9  136 1949472.47 1921473.93  1.44%   837  202s
    30    33 1931640.74   14  124 1949472.47 1921473.93  1.44%   698  207s
    34    37 1933660.54   16  118 1949472.47 1921473.93  1.44%   680  216s
    36    39 1934098.36   17  113 1949472.47 1921473.93  1.44%   656  223s
    38    41 1934506.89   18  116 1949472.47 1921473.93  1.44%   638  231s
    40    43 1934886.26   19  116 1949472.47 1921473.93  1.44%   613  236s
    42    45 1935069.35   20  115 1949472.47 1921473.93  1.44%   606  243s
    44    47 1935278.65   21  115 1949472.47 1921473.93  1.44%   584  249s
    46    49 1935559.93   22  114 1949472.47 1921473.93  1.44%   562  257s
    48    51 1935671.17   23  114 1949472.47 1921473.93  1.44%   546  265s
    50    53 1935690.65   24  110 1949472.47 1921473.93  1.44%   526  273s
    52    55 1935713.29   25  113 1949472.47 1921473.93  1.44%   510  280s
    54    57 1935729.56   26  108 1949472.47 1921473.93  1.44%   494  287s
    56    59 1936287.68   26   98 1949472.47 1921473.93  1.44%   481  295s
    58    61 1936295.26   27   93 1949472.47 1921473.93  1.44%   465  304s
    60    63 1936332.02   28   92 1949472.47 1921473.93  1.44%   451  314s
    62    65 1936343.21   29   87 1949472.47 1921473.93  1.44%   438  350s
    64    67 1936746.39   30   79 1949472.47 1921473.93  1.44%   426  361s
    66    69 1936857.83   31   74 1949472.47 1921473.93  1.44%   415  371s
    68    71 1937017.41   32   74 1949472.47 1921473.93  1.44%   406  379s
    70    73 1938157.16   32   75 1949472.47 1921473.93  1.44%   401  388s
    72    81 1938409.93   33   62 1949472.47 1921473.93  1.44%   395  395s
    80    90 1938954.19   38   28 1949472.47 1921473.93  1.44%   363  402s
    89    96 1939075.97   44    5 1949472.47 1921473.93  1.44%   332  407s
    99   102 1944328.09   50   25 1949472.47 1921473.93  1.44%   324  417s
   103   107 1944387.84   52   19 1949472.47 1921473.93  1.44%   338  423s
   108   118 1944413.24   53   11 1949472.47 1921473.93  1.44%   323  429s
   119   124 1944427.13   54   11 1949472.47 1921473.93  1.44%   298  437s
   129   126 1946934.17   55   27 1949472.47 1921473.93  1.44%   299  445s
   133   135 1946906.66   55   13 1949472.47 1921489.61  1.44%   348  451s
H  134   135                    1949224.3003 1921489.61  1.42%   345  451s
   142   151 1946906.66   56   13 1949224.30 1927771.72  1.10%   356  458s
   166   177 1932857.96    3  171 1949224.30 1927771.72  1.10%   377  463s
   188   193 1936729.66    7  138 1949224.30 1927771.72  1.10%   363  470s
   205   214 1936982.68   10  123 1949224.30 1927771.72  1.10%   347  476s
   226   232 1945488.83   29   82 1949224.30 1927771.72  1.10%   332  487s
   250   233 1948113.80   46   64 1949224.30 1927942.66  1.09%   315  499s
   259   239 1932388.07    4  148 1949224.30 1927942.66  1.09%   331  509s
   265   247 1936208.50    7  139 1949224.30 1927942.66  1.09%   341  530s
   273   271 1939176.74   13  124 1949224.30 1927942.66  1.09%   345  544s
   297   276 1940764.58   36   63 1949224.30 1927942.66  1.09%   324  556s
   302   308 1941121.51   40   56 1949224.30 1927942.66  1.09%   321  566s
   335   309 1940185.37   24  136 1949224.30 1927942.66  1.09%   292  634s
   337   310 1937841.23   10   82 1949224.30 1937841.23  0.58%   291  636s
   339   312 1947634.55   62   89 1949224.30 1938438.09  0.55%   289  642s
   341   313 1944356.58   12   91 1949224.30 1938542.43  0.55%   287  647s
   343   314 1947831.95   47   91 1949224.30 1938616.13  0.54%   286  652s
   344   315 1938622.21    8   90 1949224.30 1938622.21  0.54%   285  655s
H  344   299                    1949186.4438 1938622.21  0.54%   285  660s
H  344   283                    1949186.4434 1938622.21  0.54%   285  668s
   345   284 1941570.34   68   90 1949186.44 1938622.21  0.54%   284  675s
   346   287 1938740.70   16   92 1949186.44 1938622.21  0.54%   283  681s
   348   289 1938743.20   17   85 1949186.44 1938641.07  0.54%   282  689s
   350   295 1938750.96   18   85 1949186.44 1938641.07  0.54%   280  709s
   357   305 1939033.81   20   80 1949186.44 1938641.07  0.54%   274  743s
   369   313 1938829.40   22   84 1949186.44 1938641.07  0.54%   266  802s
   381   325 1938853.43   25   72 1949186.44 1938641.07  0.54%   257  851s
   397   327 1939984.40   29   79 1949186.44 1938641.07  0.54%   247  924s
   407   328     cutoff   32      1949186.44 1938641.07  0.54%   241  973s
   419   325 1947137.96   36   84 1949186.44 1938643.57  0.54%   234 1031s
   438   326 1938690.96   18   64 1949186.44 1938643.57  0.54%   224 1076s
   455   341 1940433.33   22   75 1949186.44 1938643.57  0.54%   215 1158s
   478   358 1941975.96   28   53 1949186.44 1938643.57  0.54%   205 1226s
   511   377     cutoff   36      1949186.44 1938650.52  0.54%   192 1292s
   549   402 1939603.40   26   56 1949186.44 1938657.73  0.54%   178 1362s
   590   404 1942759.51   36   61 1949186.44 1938657.73  0.54%   166 1430s
   618   421 1944318.11   41   55 1949186.44 1938657.73  0.54%   159 1510s
   648   423 1948352.05   47   29 1949186.44 1938676.98  0.54%   151 1584s
   686   426 1939359.62   22   66 1949186.44 1938676.98  0.54%   143 1655s
H  715   370                    1948139.5333 1938676.98  0.49%   137 1655s

Cutting planes:
  Cover: 2
  Clique: 2
  MIR: 15
  StrongCG: 1
  Flow cover: 9
  GUB cover: 1
  Zero half: 6
  Network: 5
  Relax-and-lift: 9

Explored 716 nodes (152314 simplex iterations) in 1655.76 seconds (932.70 work units)
Thread count was 4 (of 4 available processors)

Solution count 10: 1.94814e+06 1.94919e+06 1.94922e+06 ... 2.59874e+06

Optimal solution found (tolerance 5.00e-03)
Best objective 1.948139533262e+06, best bound 1.938676978703e+06, gap 0.4857%

=== ARUC-LDR UC Summary ===
Objective value: 1,948,139.53
Number of generators: 77
Number of buses:      73
Number of lines:      120
Number of periods:    24
Total nominal generation (MWh): 108,107.63
Total load (MWh):               108,107.63
Units committed at least once: 28

======================================================================
Z COEFFICIENT ANALYSIS
======================================================================

Generators with non-zero Z coefficients: 28
Wind generators in problem: 4

Top 5 generators by total |Z|:
  303_WIND_1 (WIND): 30.60
  317_WIND_1 (WIND): 30.54
  122_WIND_1 (WIND): 30.21
  309_WIND_1 (WIND): 27.71
  223_STEAM_3 (THERMAL): 6.83

Example Z pattern for 101_STEAM_3:
  Shape: (24, 4) (time x K)
  First few rows:
k                           0         1         2         3
time                                                       
2020-05-15 00:00:00 -0.052566 -0.052566 -0.052566 -0.052566
2020-05-15 01:00:00 -0.072987 -0.072987 -0.072987 -0.072987
2020-05-15 02:00:00 -0.075328 -0.075328 -0.075328 -0.075328
2020-05-15 03:00:00 -0.065482 -0.065482 -0.065482 -0.065482
2020-05-15 04:00:00 -0.038102 -0.038102 -0.038102 -0.038102

======================================================================
Z MATRIX ANALYSIS
======================================================================

  Period 2020-05-15 00:00:00:  rho=2.0000
    Column sums (all gens):  [2.13779550e-11 2.13778995e-11 2.13780660e-11 2.13780105e-11]
    Column sums (wind only): [0.1383969 0.1383969 0.1383969 0.1383969]
    Column sums (non-wind):  [-0.1383969 -0.1383969 -0.1383969 -0.1383969]
    122_WIND_1            Z=[+0.7639, -0.2361, -0.2361, -0.2361]  sum=+0.0556
    303_WIND_1            Z=[-0.2519, +0.7481, -0.2519, -0.2519]  sum=-0.0074
    309_WIND_1            Z=[-0.1235, -0.1235, +0.8765, -0.1235]  sum=+0.5062
    317_WIND_1            Z=[-0.2502, -0.2502, -0.2502, +0.7498]  sum=-0.0007

  Period 2020-05-15 01:00:00:  rho=2.0000
    Column sums (all gens):  [-8.06016365e-12 -8.06005263e-12 -8.06021916e-12 -8.05999711e-12]
    Column sums (wind only): [0.12038945 0.12038945 0.12038945 0.12038945]
    Column sums (non-wind):  [-0.12038945 -0.12038945 -0.12038945 -0.12038945]
    122_WIND_1            Z=[+0.7620, -0.2380, -0.2380, -0.2380]  sum=+0.0478
    303_WIND_1            Z=[-0.2600, +0.7400, -0.2600, -0.2600]  sum=-0.0402
    309_WIND_1            Z=[-0.1245, -0.1245, +0.8755, -0.1245]  sum=+0.5021
    317_WIND_1            Z=[-0.2571, -0.2571, -0.2571, +0.7429]  sum=-0.0282

  Period 2020-05-15 02:00:00:  rho=2.0000
    Column sums (all gens):  [1.88117855e-11 1.88119520e-11 1.88117300e-11 1.88119520e-11]
    Column sums (wind only): [0.1154776 0.1154776 0.1154776 0.1154776]
    Column sums (non-wind):  [-0.1154776 -0.1154776 -0.1154776 -0.1154776]
    122_WIND_1            Z=[+0.7633, -0.2367, -0.2367, -0.2367]  sum=+0.0533
    303_WIND_1            Z=[-0.2642, +0.7358, -0.2642, -0.2642]  sum=-0.0567
    309_WIND_1            Z=[-0.1236, -0.1236, +0.8764, -0.1236]  sum=+0.5056
    317_WIND_1            Z=[-0.2601, -0.2601, -0.2601, +0.7399]  sum=-0.0402

  Period 2020-05-15 03:00:00:  rho=2.0000
    Column sums (all gens):  [1.43103307e-11 1.43104417e-11 1.43102197e-11 1.43102197e-11]
    Column sums (wind only): [0.12661099 0.12661099 0.12661099 0.12661099]
    Column sums (non-wind):  [-0.12661099 -0.12661099 -0.12661099 -0.12661099]
    122_WIND_1            Z=[+0.7680, -0.2320, -0.2320, -0.2320]  sum=+0.0719
    303_WIND_1            Z=[-0.2639, +0.7361, -0.2639, -0.2639]  sum=-0.0558
    309_WIND_1            Z=[-0.1192, -0.1192, +0.8808, -0.1192]  sum=+0.5234
    317_WIND_1            Z=[-0.2583, -0.2583, -0.2583, +0.7417]  sum=-0.0331

  Period 2020-05-15 04:00:00:  rho=2.0000
    Column sums (all gens):  [-1.69647074e-11 -1.69649295e-11 -1.69648740e-11 -1.69649850e-11]
    Column sums (wind only): [0.157537 0.157537 0.157537 0.157537]
    Column sums (non-wind):  [-0.157537 -0.157537 -0.157537 -0.157537]
    122_WIND_1            Z=[+0.7758, -0.2242, -0.2242, -0.2242]  sum=+0.1031
    303_WIND_1            Z=[-0.2553, +0.7447, -0.2553, -0.2553]  sum=-0.0214
    309_WIND_1            Z=[-0.1130, -0.1130, +0.8870, -0.1130]  sum=+0.5481
    317_WIND_1            Z=[-0.2499, -0.2499, -0.2499, +0.7501]  sum=+0.0002

  Period 2020-05-15 05:00:00:  rho=2.0000
    Column sums (all gens):  [-7.46333551e-12 -7.46339102e-12 -7.46314122e-12 -7.46336326e-12]
    Column sums (wind only): [0.21844266 0.21844267 0.21844265 0.21844267]
    Column sums (non-wind):  [-0.21844266 -0.21844267 -0.21844265 -0.21844267]
    122_WIND_1            Z=[+0.7899, -0.2101, -0.2101, -0.2101]  sum=+0.1598
    303_WIND_1            Z=[-0.2351, +0.7649, -0.2351, -0.2351]  sum=+0.0597
    309_WIND_1            Z=[-0.1054, -0.1054, +0.8946, -0.1054]  sum=+0.5783
    317_WIND_1            Z=[-0.2310, -0.2310, -0.2310, +0.7690]  sum=+0.0759

  Period 2020-05-15 06:00:00:  rho=2.0000
    Column sums (all gens):  [-3.67544883e-12 -3.67553210e-12 -3.67561537e-12 -3.67550435e-12]
    Column sums (wind only): [0.32860945 0.32860946 0.32860945 0.32860946]
    Column sums (non-wind):  [-0.32860945 -0.32860946 -0.32860945 -0.32860946]
    122_WIND_1            Z=[+0.8169, -0.1831, -0.1831, -0.1831]  sum=+0.2676
    303_WIND_1            Z=[-0.1987, +0.8013, -0.1987, -0.1987]  sum=+0.2051
    309_WIND_1            Z=[-0.0938, -0.0938, +0.9062, -0.0938]  sum=+0.6247
    317_WIND_1            Z=[-0.1957, -0.1957, -0.1957, +0.8043]  sum=+0.2171

  Period 2020-05-15 07:00:00:  rho=2.0000
    Column sums (all gens):  [5.18073084e-12 5.18070309e-12 5.18096677e-12 5.18085574e-12]
    Column sums (wind only): [0.6479091 0.6479091 0.6479091 0.6479091]
    Column sums (non-wind):  [-0.6479091 -0.6479091 -0.6479091 -0.6479091]
    122_WIND_1            Z=[+0.9052, -0.0948, -0.0948, -0.0948]  sum=+0.6208
    303_WIND_1            Z=[-0.0972, +0.9028, -0.0972, -0.0972]  sum=+0.6112
    309_WIND_1            Z=[-0.0635, -0.0635, +0.9365, -0.0635]  sum=+0.7461
    317_WIND_1            Z=[-0.0966, -0.0966, -0.0966, +0.9034]  sum=+0.6135

  Period 2020-05-15 08:00:00:  rho=2.0000
    Column sums (all gens):  [-5.47004109e-12 -5.46962475e-12 -5.47001333e-12 -5.46962475e-12]
    Column sums (wind only): [0.71234302 0.71234302 0.71234302 0.71234302]
    Column sums (non-wind):  [-0.71234302 -0.71234302 -0.71234302 -0.71234302]
    122_WIND_1            Z=[+0.9227, -0.0773, -0.0773, -0.0773]  sum=+0.6909
    303_WIND_1            Z=[-0.0783, +0.9217, -0.0783, -0.0783]  sum=+0.6867
    309_WIND_1            Z=[-0.0540, -0.0540, +0.9460, -0.0540]  sum=+0.7840
    317_WIND_1            Z=[-0.0781, -0.0781, -0.0781, +0.9219]  sum=+0.6877

  Period 2020-05-15 09:00:00:  rho=2.0000
    Column sums (all gens):  [2.61099475e-12 2.61105026e-12 2.61078659e-12 2.61093924e-12]
    Column sums (wind only): [0.74036141 0.74036142 0.74036137 0.74036142]
    Column sums (non-wind):  [-0.74036141 -0.74036142 -0.74036137 -0.74036142]
    122_WIND_1            Z=[+0.9293, -0.0707, -0.0707, -0.0707]  sum=+0.7171
    303_WIND_1            Z=[-0.0737, +0.9263, -0.0737, -0.0737]  sum=+0.7054
    309_WIND_1            Z=[-0.0430, -0.0430, +0.9570, -0.0430]  sum=+0.8281
    317_WIND_1            Z=[-0.0723, -0.0723, -0.0723, +0.9277]  sum=+0.7109

  Period 2020-05-15 10:00:00:  rho=2.0000
    Column sums (all gens):  [-5.13253329e-12 -5.13203369e-12 -5.13217246e-12 -5.13236675e-12]
    Column sums (wind only): [0.73249479 0.73249483 0.7324947  0.73249483]
    Column sums (non-wind):  [-0.73249479 -0.73249483 -0.7324947  -0.73249483]
    122_WIND_1            Z=[+0.9269, -0.0731, -0.0731, -0.0731]  sum=+0.7074
    303_WIND_1            Z=[-0.0764, +0.9236, -0.0764, -0.0764]  sum=+0.6946
    309_WIND_1            Z=[-0.0429, -0.0429, +0.9571, -0.0429]  sum=+0.8283
    317_WIND_1            Z=[-0.0751, -0.0751, -0.0751, +0.9249]  sum=+0.6998

  Period 2020-05-15 11:00:00:  rho=2.0000
    Column sums (all gens):  [-8.13404899e-13 -8.70248318e-13 -6.15868467e-13 -8.08297873e-13]
    Column sums (wind only): [0.6758111  0.67581069 0.67581183 0.67581074]
    Column sums (non-wind):  [-0.6758111  -0.67581069 -0.67581183 -0.67581074]
    122_WIND_1            Z=[+0.9108, -0.0892, -0.0892, -0.0892]  sum=+0.6433
    303_WIND_1            Z=[-0.0932, +0.9068, -0.0932, -0.0932]  sum=+0.6273
    309_WIND_1            Z=[-0.0503, -0.0503, +0.9497, -0.0503]  sum=+0.7989
    317_WIND_1            Z=[-0.0916, -0.0916, -0.0916, +0.9084]  sum=+0.6337

  Period 2020-05-15 12:00:00:  rho=2.0000
    Column sums (all gens):  [4.45216780e-12 4.45218168e-12 4.45215392e-12 4.45204290e-12]
    Column sums (wind only): [0.67637233 0.67637238 0.67637224 0.67637237]
    Column sums (non-wind):  [-0.67637233 -0.67637238 -0.67637224 -0.67637237]
    122_WIND_1            Z=[+0.9111, -0.0889, -0.0889, -0.0889]  sum=+0.6445
    303_WIND_1            Z=[-0.0915, +0.9085, -0.0915, -0.0915]  sum=+0.6339
    309_WIND_1            Z=[-0.0523, -0.0523, +0.9477, -0.0523]  sum=+0.7907
    317_WIND_1            Z=[-0.0909, -0.0909, -0.0909, +0.9091]  sum=+0.6364

  Period 2020-05-15 13:00:00:  rho=2.0000
    Column sums (all gens):  [-3.26645980e-12 -3.26611524e-12 -3.26638478e-12 -3.26624340e-12]
    Column sums (wind only): [0.74815856 0.74815862 0.74815844 0.74815861]
    Column sums (non-wind):  [-0.74815856 -0.74815862 -0.74815844 -0.74815861]
    122_WIND_1            Z=[+0.9327, -0.0673, -0.0673, -0.0673]  sum=+0.7307
    303_WIND_1            Z=[-0.0684, +0.9316, -0.0684, -0.0684]  sum=+0.7265
    309_WIND_1            Z=[-0.0477, -0.0477, +0.9523, -0.0477]  sum=+0.8092
    317_WIND_1            Z=[-0.0684, -0.0684, -0.0684, +0.9316]  sum=+0.7262

  Period 2020-05-15 14:00:00:  rho=2.0000
    Column sums (all gens):  [1.37155391e-12 1.37189912e-12 1.37172392e-12 1.37185922e-12]
    Column sums (wind only): [0.77332547 0.7733255  0.77332539 0.7733255 ]
    Column sums (non-wind):  [-0.77332547 -0.7733255  -0.77332539 -0.7733255 ]
    122_WIND_1            Z=[+0.9398, -0.0602, -0.0602, -0.0602]  sum=+0.7594
    303_WIND_1            Z=[-0.0606, +0.9394, -0.0606, -0.0606]  sum=+0.7575
    309_WIND_1            Z=[-0.0451, -0.0451, +0.9549, -0.0451]  sum=+0.8196
    317_WIND_1            Z=[-0.0608, -0.0608, -0.0608, +0.9392]  sum=+0.7567

  Period 2020-05-15 15:00:00:  rho=2.0000
    Column sums (all gens):  [-6.43575471e-13 -6.43336079e-13 -6.43016890e-13 -6.43235465e-13]
    Column sums (wind only): [0.7061641  0.70616412 0.70616405 0.70616412]
    Column sums (non-wind):  [-0.7061641  -0.70616412 -0.70616405 -0.70616412]
    122_WIND_1            Z=[+0.9213, -0.0787, -0.0787, -0.0787]  sum=+0.6853
    303_WIND_1            Z=[-0.0792, +0.9208, -0.0792, -0.0792]  sum=+0.6833
    309_WIND_1            Z=[-0.0565, -0.0565, +0.9435, -0.0565]  sum=+0.7739
    317_WIND_1            Z=[-0.0795, -0.0795, -0.0795, +0.9205]  sum=+0.6821

  Period 2020-05-15 16:00:00:  rho=2.0000
    Column sums (all gens):  [-2.39394615e-12 -2.39427922e-12 -2.39402942e-12 -2.39389064e-12]
    Column sums (wind only): [0.60773277 0.60773276 0.6077328  0.60773276]
    Column sums (non-wind):  [-0.60773277 -0.60773276 -0.6077328  -0.60773276]
    122_WIND_1            Z=[+0.8920, -0.1080, -0.1080, -0.1080]  sum=+0.5678
    303_WIND_1            Z=[-0.1086, +0.8914, -0.1086, -0.1086]  sum=+0.5654
    309_WIND_1            Z=[-0.0663, -0.0663, +0.9337, -0.0663]  sum=+0.7350
    317_WIND_1            Z=[-0.1093, -0.1093, -0.1093, +0.8907]  sum=+0.5627

  Period 2020-05-15 17:00:00:  rho=2.0000
    Column sums (all gens):  [-4.91817698e-12 -4.91753860e-12 -4.91776064e-12 -4.91798269e-12]
    Column sums (wind only): [0.67200531 0.67200531 0.67200531 0.67200531]
    Column sums (non-wind):  [-0.67200531 -0.67200531 -0.67200531 -0.67200531]
    122_WIND_1            Z=[+0.9109, -0.0891, -0.0891, -0.0891]  sum=+0.6438
    303_WIND_1            Z=[-0.0893, +0.9107, -0.0893, -0.0893]  sum=+0.6427
    309_WIND_1            Z=[-0.0596, -0.0596, +0.9404, -0.0596]  sum=+0.7616
    317_WIND_1            Z=[-0.0900, -0.0900, -0.0900, +0.9100]  sum=+0.6399

  Period 2020-05-15 18:00:00:  rho=2.0000
    Column sums (all gens):  [5.62697111e-12 5.62697111e-12 5.62683233e-12 5.62702662e-12]
    Column sums (wind only): [0.58497082 0.58497082 0.58497082 0.58497082]
    Column sums (non-wind):  [-0.58497082 -0.58497082 -0.58497082 -0.58497082]
    122_WIND_1            Z=[+0.8867, -0.1133, -0.1133, -0.1133]  sum=+0.5467
    303_WIND_1            Z=[-0.1144, +0.8856, -0.1144, -0.1144]  sum=+0.5422
    309_WIND_1            Z=[-0.0721, -0.0721, +0.9279, -0.0721]  sum=+0.7115
    317_WIND_1            Z=[-0.1151, -0.1151, -0.1151, +0.8849]  sum=+0.5395

  Period 2020-05-15 19:00:00:  rho=2.0000
    Column sums (all gens):  [-1.14145082e-11 -1.14142584e-11 -1.14145082e-11 -1.14145082e-11]
    Column sums (wind only): [0.57375313 0.57375313 0.57375312 0.57375313]
    Column sums (non-wind):  [-0.57375313 -0.57375313 -0.57375312 -0.57375313]
    122_WIND_1            Z=[+0.8844, -0.1156, -0.1156, -0.1156]  sum=+0.5376
    303_WIND_1            Z=[-0.1175, +0.8825, -0.1175, -0.1175]  sum=+0.5300
    309_WIND_1            Z=[-0.0754, -0.0754, +0.9246, -0.0754]  sum=+0.6984
    317_WIND_1            Z=[-0.1177, -0.1177, -0.1177, +0.8823]  sum=+0.5290

  Period 2020-05-15 20:00:00:  rho=2.0000
    Column sums (all gens):  [5.15379406e-12 5.15393284e-12 5.15373855e-12 5.15401610e-12]
    Column sums (wind only): [0.59451387 0.59451387 0.59451386 0.59451387]
    Column sums (non-wind):  [-0.59451387 -0.59451387 -0.59451386 -0.59451387]
    122_WIND_1            Z=[+0.8915, -0.1085, -0.1085, -0.1085]  sum=+0.5659
    303_WIND_1            Z=[-0.1108, +0.8892, -0.1108, -0.1108]  sum=+0.5569
    309_WIND_1            Z=[-0.0752, -0.0752, +0.9248, -0.0752]  sum=+0.6991
    317_WIND_1            Z=[-0.1110, -0.1110, -0.1110, +0.8890]  sum=+0.5561

  Period 2020-05-15 21:00:00:  rho=2.0000
    Column sums (all gens):  [4.50334214e-12 4.50282867e-12 4.50328663e-12 4.50350868e-12]
    Column sums (wind only): [0.68045504 0.68045504 0.68045504 0.68045504]
    Column sums (non-wind):  [-0.68045504 -0.68045504 -0.68045504 -0.68045504]
    122_WIND_1            Z=[+0.9168, -0.0832, -0.0832, -0.0832]  sum=+0.6670
    303_WIND_1            Z=[-0.0835, +0.9165, -0.0835, -0.0835]  sum=+0.6662
    309_WIND_1            Z=[-0.0694, -0.0694, +0.9306, -0.0694]  sum=+0.7224
    317_WIND_1            Z=[-0.0834, -0.0834, -0.0834, +0.9166]  sum=+0.6662

  Period 2020-05-15 22:00:00:  rho=2.0000
    Column sums (all gens):  [5.92943750e-12 5.92934035e-12 5.92953464e-12 5.92936811e-12]
    Column sums (wind only): [0.61537933 0.61537933 0.61537933 0.61537933]
    Column sums (non-wind):  [-0.61537933 -0.61537933 -0.61537933 -0.61537933]
    122_WIND_1            Z=[+0.8995, -0.1005, -0.1005, -0.1005]  sum=+0.5979
    303_WIND_1            Z=[-0.1020, +0.8980, -0.1020, -0.1020]  sum=+0.5920
    309_WIND_1            Z=[-0.0801, -0.0801, +0.9199, -0.0801]  sum=+0.6797
    317_WIND_1            Z=[-0.1020, -0.1020, -0.1020, +0.8980]  sum=+0.5920

  Period 2020-05-15 23:00:00:  rho=2.0000
    Column sums (all gens):  [7.85316256e-13 7.85066456e-13 7.85121967e-13 7.85038701e-13]
    Column sums (wind only): [0.52238745 0.52238745 0.52238745 0.52238745]
    Column sums (non-wind):  [-0.52238745 -0.52238745 -0.52238745 -0.52238745]
    122_WIND_1            Z=[+0.8732, -0.1268, -0.1268, -0.1268]  sum=+0.4928
    303_WIND_1            Z=[-0.1268, +0.8732, -0.1268, -0.1268]  sum=+0.4928
    309_WIND_1            Z=[-0.0972, -0.0972, +0.9028, -0.0972]  sum=+0.6113
    317_WIND_1            Z=[-0.1268, -0.1268, -0.1268, +0.8732]  sum=+0.4928

  Non-wind generators with non-zero Z (489 entries):
             Z_row_sum  Z_row_abs_sum
gen_id                               
323_CC_2      0.562207       0.567982
323_CC_1      0.434058       0.496833
313_CC_1     -0.493060       0.493060
118_CC_1     -0.464488       0.464488
107_CC_1     -0.398363       0.398363
321_CC_1     -0.249169       0.363345
221_CC_1      0.089291       0.293026
223_STEAM_3  -0.253794       0.284673
123_STEAM_3  -0.174203       0.239276
212_CSP_1    -0.230752       0.230752
223_STEAM_1  -0.185996       0.185996
223_STEAM_2  -0.185995       0.185995
216_STEAM_1  -0.118391       0.155078
123_STEAM_2  -0.063412       0.148161
116_STEAM_1  -0.090425       0.142997
115_STEAM_3  -0.088388       0.141790
316_STEAM_1  -0.062985       0.123999
101_STEAM_3  -0.108274       0.108274
101_STEAM_4  -0.108271       0.108271
102_STEAM_3  -0.064323       0.085420
======================================================================

ARUC-LDR objective: 1,948,139.53

======================================================================
GENERATING COMPARISON
======================================================================
  Common time periods: 24

Generating figures...
  Saved fig_commitment_cost.pdf/.png
  Saved fig_z_comparison.pdf/.png
  Saved fig_wind_curtailment.pdf/.png
  Saved fig_pmin_vs_dispatch.pdf/.png

======================================================================
ARUC vs DARUC COMPARISON SUMMARY
======================================================================

--- Objective Values ---
  DAM (deterministic):    1,790,455.94
  DARUC (two-step):       1,950,173.53
  ARUC-LDR (one-shot):    1,948,139.53
  ARUC − DARUC:              -2,034.00  (-0.10%)
  DARUC − DAM:              159,717.59  (+8.92%)
  ARUC − DAM:               157,683.59  (+8.81%)

--- Cost Breakdown ---
                             No-Load       Startup      Shutdown        Energy         Slack         Total
  DAM                     185,934.30    120,160.32          0.00  1,484,361.32          0.00  1,790,455.94
  DARUC                   203,372.90    102,527.50          0.00  1,592,249.93          0.00  1,898,150.32
  ARUC-LDR                193,828.60    115,796.91          0.00  1,585,204.26          0.00  1,894,829.78

--- Commitment Summary ---
  ARUC  total unit-hours: 585
  DARUC total unit-hours: 595
  DAM   total unit-hours: 564
  Generators committed only in ARUC:  0
  Generators committed only in DARUC: 1
    315_CT_6

--- Dispatch Totals (MWh over common horizon) ---
  ARUC  : THERMAL=75,311.8, WIND=32,795.8
  DARUC : THERMAL=75,530.6, WIND=32,577.0

--- Z Matrix Summary ---
  ARUC: 28 generators with active Z, mean wind ||Z||=0.9134
  DARUC: 29 generators with active Z, mean wind ||Z||=0.9134

--- DARUC Extra Commitments (beyond DAM) ---
  Generators with extra hours: 9
  Total extra unit-hours:      31
    107_CC_1 (THERMAL): +7h (DAM=15h)
    115_STEAM_3 (THERMAL): +1h (DAM=23h)
    118_CC_1 (THERMAL): +1h (DAM=9h)
    123_STEAM_2 (THERMAL): +1h (DAM=22h)
    201_STEAM_3 (THERMAL): +1h (DAM=22h)
    202_STEAM_3 (THERMAL): +1h (DAM=23h)
    221_CC_1 (THERMAL): +9h (DAM=13h)
    321_CC_1 (THERMAL): +1h (DAM=12h)
    323_CC_2 (THERMAL): +9h (DAM=0h)

--- Wind Curtailment ---
               Total (MWh)   % Available
  DAM                  0.0          0.0%
    122_WIND_1: 0.0 MW avg
    303_WIND_1: 0.0 MW avg
    309_WIND_1: 0.0 MW avg
    317_WIND_1: 0.0 MW avg
  ARUC             2,843.1          8.0%
    122_WIND_1: 31.9 MW avg
    303_WIND_1: 33.9 MW avg
    309_WIND_1: 19.0 MW avg
    317_WIND_1: 33.6 MW avg
  DARUC            3,061.8          8.6%
    122_WIND_1: 31.9 MW avg
    303_WIND_1: 43.3 MW avg
    309_WIND_1: 11.6 MW avg
    317_WIND_1: 40.7 MW avg

======================================================================

  Saved comparison_summary.txt

======================================================================
QUICK COMPARISON
======================================================================
  DAM objective:     1,790,455.94
  DARUC objective:   1,950,173.53  (+159,717.59 vs DAM)
  ARUC objective:    1,948,139.53  (+157,683.59 vs DAM)

  Commitment differences: 22 (gen,hour) entries differ

  All outputs: comparison_outputs/m05d15_24h_ramp_fix/
======================================================================
